Determining if the pthread_create exist failed with the following output:
Change Dir: /home/roblab/Robolab/TechDev_LineTrace/build/catkin_tools_prebuild/CMakeFiles/CMakeTmp

Run Build Command:"/usr/bin/make" "cmTC_a48c6/fast"
/usr/bin/make -f CMakeFiles/cmTC_a48c6.dir/build.make CMakeFiles/cmTC_a48c6.dir/build
make[1]: ディレクトリ '/home/roblab/Robolab/TechDev_LineTrace/build/catkin_tools_prebuild/CMakeFiles/CMakeTmp' に入ります
Building C object CMakeFiles/cmTC_a48c6.dir/CheckSymbolExists.c.o
/usr/bin/cc    -o CMakeFiles/cmTC_a48c6.dir/CheckSymbolExists.c.o   -c /home/roblab/Robolab/TechDev_LineTrace/build/catkin_tools_prebuild/CMakeFiles/CMakeTmp/CheckSymbolExists.c
Linking C executable cmTC_a48c6
/usr/bin/cmake -E cmake_link_script CMakeFiles/cmTC_a48c6.dir/link.txt --verbose=1
/usr/bin/cc      -rdynamic CMakeFiles/cmTC_a48c6.dir/CheckSymbolExists.c.o  -o cmTC_a48c6 
CMakeFiles/cmTC_a48c6.dir/CheckSymbolExists.c.o: 関数 `main' 内:
CheckSymbolExists.c:(.text+0x1b): `pthread_create' に対する定義されていない参照です
collect2: error: ld returned 1 exit status
CMakeFiles/cmTC_a48c6.dir/build.make:97: recipe for target 'cmTC_a48c6' failed
make[1]: *** [cmTC_a48c6] Error 1
make[1]: ディレクトリ '/home/roblab/Robolab/TechDev_LineTrace/build/catkin_tools_prebuild/CMakeFiles/CMakeTmp' から出ます
Makefile:126: recipe for target 'cmTC_a48c6/fast' failed
make: *** [cmTC_a48c6/fast] Error 2

File /home/roblab/Robolab/TechDev_LineTrace/build/catkin_tools_prebuild/CMakeFiles/CMakeTmp/CheckSymbolExists.c:
/* */
#include <pthread.h>

int main(int argc, char** argv)
{
  (void)argv;
#ifndef pthread_create
  return ((int*)(&pthread_create))[argc];
#else
  (void)argc;
  return 0;
#endif
}

Determining if the function pthread_create exists in the pthreads failed with the following output:
Change Dir: /home/roblab/Robolab/TechDev_LineTrace/build/catkin_tools_prebuild/CMakeFiles/CMakeTmp

Run Build Command:"/usr/bin/make" "cmTC_f9e32/fast"
/usr/bin/make -f CMakeFiles/cmTC_f9e32.dir/build.make CMakeFiles/cmTC_f9e32.dir/build
make[1]: ディレクトリ '/home/roblab/Robolab/TechDev_LineTrace/build/catkin_tools_prebuild/CMakeFiles/CMakeTmp' に入ります
Building C object CMakeFiles/cmTC_f9e32.dir/CheckFunctionExists.c.o
/usr/bin/cc   -DCHECK_FUNCTION_EXISTS=pthread_create   -o CMakeFiles/cmTC_f9e32.dir/CheckFunctionExists.c.o   -c /usr/share/cmake-3.10/Modules/CheckFunctionExists.c
Linking C executable cmTC_f9e32
/usr/bin/cmake -E cmake_link_script CMakeFiles/cmTC_f9e32.dir/link.txt --verbose=1
/usr/bin/cc  -DCHECK_FUNCTION_EXISTS=pthread_create    -rdynamic CMakeFiles/cmTC_f9e32.dir/CheckFunctionExists.c.o  -o cmTC_f9e32 -lpthreads 
/usr/bin/ld: -lpthreads が見つかりません
collect2: error: ld returned 1 exit status
CMakeFiles/cmTC_f9e32.dir/build.make:97: recipe for target 'cmTC_f9e32' failed
make[1]: *** [cmTC_f9e32] Error 1
make[1]: ディレクトリ '/home/roblab/Robolab/TechDev_LineTrace/build/catkin_tools_prebuild/CMakeFiles/CMakeTmp' から出ます
Makefile:126: recipe for target 'cmTC_f9e32/fast' failed
make: *** [cmTC_f9e32/fast] Error 2


